2025-04-11 01:15:50,817 - neo4j2postgres - INFO - Starting prompt import process...
2025-04-11 01:15:51,681 - neo4j2postgres - INFO - Table 'prompts' ensured in the database.
2025-04-11 01:15:51,684 - neo4j2postgres - INFO - Prepared prompt: S0 CaseCreatePartiesAssistant.txt
2025-04-11 01:15:51,684 - neo4j2postgres - INFO - Prepared prompt: S0 CaseCreatePartiesExtractor.txt
2025-04-11 01:15:51,685 - neo4j2postgres - INFO - Prepared prompt: S0 CaseCreatePartiesSystem.txt
2025-04-11 01:15:51,686 - neo4j2postgres - INFO - Prepared prompt: S01 SummaryAssistant.txt
2025-04-11 01:15:51,686 - neo4j2postgres - INFO - Prepared prompt: S01 SummaryExtractor.txt
2025-04-11 01:15:51,698 - neo4j2postgres - INFO - Prepared prompt: S12 QuestionAssistant.txt
2025-04-11 01:15:51,699 - neo4j2postgres - INFO - Prepared prompt: S12 QuestionExtractor.txt
2025-04-11 01:15:51,700 - neo4j2postgres - INFO - Prepared prompt: S12 Questionsystem.txt
2025-04-11 01:15:51,701 - neo4j2postgres - INFO - Prepared prompt: S14 RulingAssistant.txt
2025-04-11 01:15:51,701 - neo4j2postgres - INFO - Prepared prompt: S14 RulingExtractor.txt
2025-04-11 01:15:51,701 - neo4j2postgres - INFO - Prepared prompt: S14 RulingSystem.txt
2025-04-11 01:15:51,702 - neo4j2postgres - INFO - Prepared prompt: S3 FactAssistant.txt
2025-04-11 01:15:51,702 - neo4j2postgres - INFO - Prepared prompt: S3 FactExtractor.txt
2025-04-11 01:15:51,702 - neo4j2postgres - INFO - Prepared prompt: S3 FactSystem.txt
2025-04-11 01:15:51,703 - neo4j2postgres - INFO - Prepared prompt: S4 CausesOfActionAssistant.txt
2025-04-11 01:15:51,703 - neo4j2postgres - INFO - Prepared prompt: S4 CausesOfActionExtractor.txt
2025-04-11 01:15:51,704 - neo4j2postgres - INFO - Prepared prompt: S4 CausesOfActionSystem.txt
2025-04-11 01:15:51,704 - neo4j2postgres - INFO - Prepared prompt: S8 LegalPrinciplesAssistant.txt
2025-04-11 01:15:51,704 - neo4j2postgres - INFO - Prepared prompt: S8 LegalPrinciplesExtractor.txt
2025-04-11 01:15:51,705 - neo4j2postgres - INFO - Prepared prompt: S8 LegalPrinciplessystem.txt
2025-04-11 01:15:51,705 - neo4j2postgres - INFO - Prepared prompt: S9 LawDomainAssistant.txt
2025-04-11 01:15:51,705 - neo4j2postgres - INFO - Prepared prompt: S9 LawDomainExtractor.txt
2025-04-11 01:15:51,705 - neo4j2postgres - INFO - Prepared prompt: S9 LawDomainSystem.txt
2025-04-11 01:15:51,792 - neo4j2postgres - INFO - Inserted 23 prompts into the database.
2025-04-11 01:19:56,462 - neo4j2postgres - INFO - Starting grouped prompt import process...
2025-04-11 01:19:56,760 - neo4j2postgres - INFO - Updated 'prompts' table structure ensured.
2025-04-11 01:19:56,765 - neo4j2postgres - WARNING - No mapping for functional area: Summary
2025-04-11 01:19:56,765 - neo4j2postgres - WARNING - No mapping for functional area: Summary
2025-04-11 01:19:56,767 - neo4j2postgres - WARNING - No mapping for functional area: Question
2025-04-11 01:19:56,767 - neo4j2postgres - WARNING - No mapping for functional area: Question
2025-04-11 01:19:56,767 - neo4j2postgres - WARNING - Skipping invalid filename: S12 Questionsystem.txt
2025-04-11 01:19:56,768 - neo4j2postgres - WARNING - No mapping for functional area: Ruling
2025-04-11 01:19:56,768 - neo4j2postgres - WARNING - No mapping for functional area: Ruling
2025-04-11 01:19:56,768 - neo4j2postgres - WARNING - No mapping for functional area: Ruling
2025-04-11 01:19:56,768 - neo4j2postgres - WARNING - No mapping for functional area: Fact
2025-04-11 01:19:56,768 - neo4j2postgres - WARNING - No mapping for functional area: Fact
2025-04-11 01:19:56,769 - neo4j2postgres - WARNING - No mapping for functional area: Fact
2025-04-11 01:19:56,770 - neo4j2postgres - WARNING - No mapping for functional area: LegalPrinciples
2025-04-11 01:19:56,770 - neo4j2postgres - WARNING - No mapping for functional area: LegalPrinciples
2025-04-11 01:19:56,770 - neo4j2postgres - WARNING - Skipping invalid filename: S8 LegalPrinciplessystem.txt
2025-04-11 01:19:56,770 - neo4j2postgres - WARNING - No mapping for functional area: LawDomain
2025-04-11 01:19:56,770 - neo4j2postgres - WARNING - No mapping for functional area: LawDomain
2025-04-11 01:19:56,771 - neo4j2postgres - WARNING - No mapping for functional area: LawDomain
2025-04-11 01:19:56,808 - neo4j2postgres - INFO - Inserted/Updated prompts for: Fact
2025-04-11 01:19:56,828 - neo4j2postgres - INFO - Inserted/Updated prompts for: LegalPrinciples
2025-04-11 01:26:48,945 - neo4j2postgres - INFO - Starting grouped prompt import process...
2025-04-11 01:26:49,257 - neo4j2postgres - INFO - Updated 'prompts' table structure ensured.
2025-04-11 01:26:49,260 - neo4j2postgres - INFO - Processed Assistant for CaseCreateParties
2025-04-11 01:26:49,262 - neo4j2postgres - INFO - Processed Extractor for CaseCreateParties
2025-04-11 01:26:49,262 - neo4j2postgres - INFO - Processed System for CaseCreateParties
2025-04-11 01:26:49,263 - neo4j2postgres - INFO - Processed Assistant for Summary
2025-04-11 01:26:49,265 - neo4j2postgres - INFO - Processed Extractor for Summary
2025-04-11 01:26:49,265 - neo4j2postgres - INFO - Processed Assistant for Question
2025-04-11 01:26:49,265 - neo4j2postgres - INFO - Processed Extractor for Question
2025-04-11 01:26:49,265 - neo4j2postgres - WARNING - Filename skipped (bad format): S12 Questionsystem.txt
2025-04-11 01:26:49,266 - neo4j2postgres - INFO - Processed Assistant for Ruling
2025-04-11 01:26:49,266 - neo4j2postgres - INFO - Processed Extractor for Ruling
2025-04-11 01:26:49,267 - neo4j2postgres - INFO - Processed System for Ruling
2025-04-11 01:26:49,268 - neo4j2postgres - INFO - Processed Assistant for Fact
2025-04-11 01:26:49,268 - neo4j2postgres - INFO - Processed Extractor for Fact
2025-04-11 01:26:49,268 - neo4j2postgres - INFO - Processed System for Fact
2025-04-11 01:26:49,269 - neo4j2postgres - INFO - Processed Assistant for CausesOfAction
2025-04-11 01:26:49,269 - neo4j2postgres - INFO - Processed Extractor for CausesOfAction
2025-04-11 01:26:49,269 - neo4j2postgres - INFO - Processed System for CausesOfAction
2025-04-11 01:26:49,270 - neo4j2postgres - INFO - Processed Assistant for LegalPrinciples
2025-04-11 01:26:49,270 - neo4j2postgres - INFO - Processed Extractor for LegalPrinciples
2025-04-11 01:26:49,270 - neo4j2postgres - WARNING - Filename skipped (bad format): S8 LegalPrinciplessystem.txt
2025-04-11 01:26:49,271 - neo4j2postgres - INFO - Processed Assistant for LawDomain
2025-04-11 01:26:49,271 - neo4j2postgres - INFO - Processed Extractor for LawDomain
2025-04-11 01:26:49,271 - neo4j2postgres - INFO - Processed System for LawDomain
2025-04-11 01:26:49,313 - neo4j2postgres - INFO - Inserted/Updated prompts for: CaseCreateParties
2025-04-11 01:26:49,333 - neo4j2postgres - INFO - Inserted/Updated prompts for: Summary
2025-04-11 01:26:49,352 - neo4j2postgres - INFO - Inserted/Updated prompts for: Question
2025-04-11 01:26:49,373 - neo4j2postgres - INFO - Inserted/Updated prompts for: Ruling
2025-04-11 01:26:49,392 - neo4j2postgres - INFO - Inserted/Updated prompts for: Fact
2025-04-11 01:26:49,415 - neo4j2postgres - INFO - Inserted/Updated prompts for: CausesOfAction
2025-04-11 01:26:49,437 - neo4j2postgres - INFO - Inserted/Updated prompts for: LegalPrinciples
2025-04-11 01:26:49,455 - neo4j2postgres - INFO - Inserted/Updated prompts for: LawDomain
2025-04-11 01:26:49,476 - neo4j2postgres - INFO - Grouped prompt import process completed.
2025-04-11 01:28:12,099 - neo4j2postgres - INFO - Starting grouped prompt import process...
2025-04-11 01:28:12,384 - neo4j2postgres - INFO - Updated 'prompts' table structure ensured.
2025-04-11 01:28:12,387 - neo4j2postgres - INFO - Processed Assistant for CaseCreateParties
2025-04-11 01:28:12,388 - neo4j2postgres - INFO - Processed Extractor for CaseCreateParties
2025-04-11 01:28:12,390 - neo4j2postgres - INFO - Processed System for CaseCreateParties
2025-04-11 01:28:12,390 - neo4j2postgres - INFO - Processed Assistant for Summary
2025-04-11 01:28:12,391 - neo4j2postgres - INFO - Processed Extractor for Summary
2025-04-11 01:28:12,392 - neo4j2postgres - INFO - Processed Assistant for Question
2025-04-11 01:28:12,393 - neo4j2postgres - INFO - Processed Extractor for Question
2025-04-11 01:28:12,393 - neo4j2postgres - WARNING - Filename skipped (bad format): S12 Questionsystem.txt
2025-04-11 01:28:12,394 - neo4j2postgres - INFO - Processed Assistant for Ruling
2025-04-11 01:28:12,394 - neo4j2postgres - INFO - Processed Extractor for Ruling
2025-04-11 01:28:12,395 - neo4j2postgres - INFO - Processed System for Ruling
2025-04-11 01:28:12,395 - neo4j2postgres - INFO - Processed Assistant for Fact
2025-04-11 01:28:12,396 - neo4j2postgres - INFO - Processed Extractor for Fact
2025-04-11 01:28:12,396 - neo4j2postgres - INFO - Processed System for Fact
2025-04-11 01:28:12,397 - neo4j2postgres - INFO - Processed Assistant for CausesOfAction
2025-04-11 01:28:12,397 - neo4j2postgres - INFO - Processed Extractor for CausesOfAction
2025-04-11 01:28:12,398 - neo4j2postgres - INFO - Processed System for CausesOfAction
2025-04-11 01:28:12,398 - neo4j2postgres - INFO - Processed Assistant for LegalPrinciples
2025-04-11 01:28:12,398 - neo4j2postgres - INFO - Processed Extractor for LegalPrinciples
2025-04-11 01:28:12,399 - neo4j2postgres - INFO - Processed System for LegalPrinciples
2025-04-11 01:28:12,399 - neo4j2postgres - INFO - Processed Assistant for LawDomain
2025-04-11 01:28:12,399 - neo4j2postgres - INFO - Processed Extractor for LawDomain
2025-04-11 01:28:12,400 - neo4j2postgres - INFO - Processed System for LawDomain
2025-04-11 01:28:12,437 - neo4j2postgres - INFO - Inserted/Updated prompts for: CaseCreateParties
2025-04-11 01:28:12,458 - neo4j2postgres - INFO - Inserted/Updated prompts for: Summary
2025-04-11 01:28:12,478 - neo4j2postgres - INFO - Inserted/Updated prompts for: Question
2025-04-11 01:28:12,499 - neo4j2postgres - INFO - Inserted/Updated prompts for: Ruling
2025-04-11 01:28:12,518 - neo4j2postgres - INFO - Inserted/Updated prompts for: Fact
2025-04-11 01:28:12,540 - neo4j2postgres - INFO - Inserted/Updated prompts for: CausesOfAction
2025-04-11 01:28:12,560 - neo4j2postgres - INFO - Inserted/Updated prompts for: LegalPrinciples
2025-04-11 01:28:12,579 - neo4j2postgres - INFO - Inserted/Updated prompts for: LawDomain
2025-04-11 01:28:12,599 - neo4j2postgres - INFO - Grouped prompt import process completed.
2025-04-11 01:29:15,086 - neo4j2postgres - INFO - Starting grouped prompt import process...
2025-04-11 01:29:15,351 - neo4j2postgres - INFO - Updated 'prompts' table structure ensured.
2025-04-11 01:29:15,354 - neo4j2postgres - INFO - Processed Assistant for CaseCreateParties
2025-04-11 01:29:15,355 - neo4j2postgres - INFO - Processed Extractor for CaseCreateParties
2025-04-11 01:29:15,356 - neo4j2postgres - INFO - Processed System for CaseCreateParties
2025-04-11 01:29:15,357 - neo4j2postgres - INFO - Processed Assistant for Summary
2025-04-11 01:29:15,357 - neo4j2postgres - INFO - Processed Extractor for Summary
2025-04-11 01:29:15,358 - neo4j2postgres - INFO - Processed System for Summary
2025-04-11 01:29:15,359 - neo4j2postgres - INFO - Processed Assistant for Question
2025-04-11 01:29:15,360 - neo4j2postgres - INFO - Processed Extractor for Question
2025-04-11 01:29:15,360 - neo4j2postgres - WARNING - Filename skipped (bad format): S12 Questionsystem.txt
2025-04-11 01:29:15,361 - neo4j2postgres - INFO - Processed Assistant for Ruling
2025-04-11 01:29:15,362 - neo4j2postgres - INFO - Processed Extractor for Ruling
2025-04-11 01:29:15,363 - neo4j2postgres - INFO - Processed System for Ruling
2025-04-11 01:29:15,363 - neo4j2postgres - INFO - Processed Assistant for Fact
2025-04-11 01:29:15,363 - neo4j2postgres - INFO - Processed Extractor for Fact
2025-04-11 01:29:15,364 - neo4j2postgres - INFO - Processed System for Fact
2025-04-11 01:29:15,364 - neo4j2postgres - INFO - Processed Assistant for CausesOfAction
2025-04-11 01:29:15,364 - neo4j2postgres - INFO - Processed Extractor for CausesOfAction
2025-04-11 01:29:15,365 - neo4j2postgres - INFO - Processed System for CausesOfAction
2025-04-11 01:29:15,365 - neo4j2postgres - INFO - Processed Assistant for LegalPrinciples
2025-04-11 01:29:15,365 - neo4j2postgres - INFO - Processed Extractor for LegalPrinciples
2025-04-11 01:29:15,366 - neo4j2postgres - INFO - Processed System for LegalPrinciples
2025-04-11 01:29:15,366 - neo4j2postgres - INFO - Processed Assistant for LawDomain
2025-04-11 01:29:15,367 - neo4j2postgres - INFO - Processed Extractor for LawDomain
2025-04-11 01:29:15,367 - neo4j2postgres - INFO - Processed System for LawDomain
2025-04-11 01:29:15,407 - neo4j2postgres - INFO - Inserted/Updated prompts for: CaseCreateParties
2025-04-11 01:29:15,430 - neo4j2postgres - INFO - Inserted/Updated prompts for: Summary
2025-04-11 01:29:15,458 - neo4j2postgres - INFO - Inserted/Updated prompts for: Question
2025-04-11 01:29:15,479 - neo4j2postgres - INFO - Inserted/Updated prompts for: Ruling
2025-04-11 01:29:15,507 - neo4j2postgres - INFO - Inserted/Updated prompts for: Fact
2025-04-11 01:29:15,530 - neo4j2postgres - INFO - Inserted/Updated prompts for: CausesOfAction
2025-04-11 01:29:15,567 - neo4j2postgres - INFO - Inserted/Updated prompts for: LegalPrinciples
2025-04-11 01:29:15,593 - neo4j2postgres - INFO - Inserted/Updated prompts for: LawDomain
2025-04-11 01:29:15,619 - neo4j2postgres - INFO - Grouped prompt import process completed.
2025-04-11 01:30:16,825 - neo4j2postgres - INFO - Starting grouped prompt import process...
2025-04-11 01:30:17,108 - neo4j2postgres - INFO - Updated 'prompts' table structure ensured.
2025-04-11 01:30:17,113 - neo4j2postgres - INFO - Processed Assistant for CaseCreateParties
2025-04-11 01:30:17,113 - neo4j2postgres - INFO - Processed Extractor for CaseCreateParties
2025-04-11 01:30:17,114 - neo4j2postgres - INFO - Processed System for CaseCreateParties
2025-04-11 01:30:17,116 - neo4j2postgres - INFO - Processed Assistant for Summary
2025-04-11 01:30:17,116 - neo4j2postgres - INFO - Processed Extractor for Summary
2025-04-11 01:30:17,117 - neo4j2postgres - INFO - Processed System for Summary
2025-04-11 01:30:17,117 - neo4j2postgres - INFO - Processed Assistant for Question
2025-04-11 01:30:17,117 - neo4j2postgres - INFO - Processed Extractor for Question
2025-04-11 01:30:17,117 - neo4j2postgres - INFO - Processed System for Question
2025-04-11 01:30:17,118 - neo4j2postgres - INFO - Processed Assistant for Ruling
2025-04-11 01:30:17,118 - neo4j2postgres - INFO - Processed Extractor for Ruling
2025-04-11 01:30:17,118 - neo4j2postgres - INFO - Processed System for Ruling
2025-04-11 01:30:17,119 - neo4j2postgres - INFO - Processed Assistant for Fact
2025-04-11 01:30:17,119 - neo4j2postgres - INFO - Processed Extractor for Fact
2025-04-11 01:30:17,119 - neo4j2postgres - INFO - Processed System for Fact
2025-04-11 01:30:17,119 - neo4j2postgres - INFO - Processed Assistant for CausesOfAction
2025-04-11 01:30:17,119 - neo4j2postgres - INFO - Processed Extractor for CausesOfAction
2025-04-11 01:30:17,120 - neo4j2postgres - INFO - Processed System for CausesOfAction
2025-04-11 01:30:17,120 - neo4j2postgres - INFO - Processed Assistant for LegalPrinciples
2025-04-11 01:30:17,120 - neo4j2postgres - INFO - Processed Extractor for LegalPrinciples
2025-04-11 01:30:17,120 - neo4j2postgres - INFO - Processed System for LegalPrinciples
2025-04-11 01:30:17,121 - neo4j2postgres - INFO - Processed Assistant for LawDomain
2025-04-11 01:30:17,121 - neo4j2postgres - INFO - Processed Extractor for LawDomain
2025-04-11 01:30:17,121 - neo4j2postgres - INFO - Processed System for LawDomain
2025-04-11 01:30:17,159 - neo4j2postgres - INFO - Inserted/Updated prompts for: CaseCreateParties
2025-04-11 01:30:17,180 - neo4j2postgres - INFO - Inserted/Updated prompts for: Summary
2025-04-11 01:30:17,206 - neo4j2postgres - INFO - Inserted/Updated prompts for: Question
2025-04-11 01:30:17,230 - neo4j2postgres - INFO - Inserted/Updated prompts for: Ruling
2025-04-11 01:30:17,250 - neo4j2postgres - INFO - Inserted/Updated prompts for: Fact
2025-04-11 01:30:17,272 - neo4j2postgres - INFO - Inserted/Updated prompts for: CausesOfAction
2025-04-11 01:30:17,292 - neo4j2postgres - INFO - Inserted/Updated prompts for: LegalPrinciples
2025-04-11 01:30:17,312 - neo4j2postgres - INFO - Inserted/Updated prompts for: LawDomain
2025-04-11 01:30:17,335 - neo4j2postgres - INFO - Grouped prompt import process completed.
